\BOOKMARK [1][-]{section.1}{Introduction}{}% 1
\BOOKMARK [1][-]{section.2}{Background}{}% 2
\BOOKMARK [2][-]{subsection.2.1}{Kalman Filters}{section.2}% 3
\BOOKMARK [2][-]{subsection.2.2}{Particle Filters}{section.2}% 4
\BOOKMARK [2][-]{subsection.2.3}{Comparison \046 Model Selection}{section.2}% 5
\BOOKMARK [1][-]{section.3}{Simulations}{}% 6
\BOOKMARK [2][-]{subsection.3.1}{Achievements}{section.3}% 7
\BOOKMARK [2][-]{subsection.3.2}{Benchmark Model}{section.3}% 8
\BOOKMARK [3][-]{subsubsection.3.2.1}{Model Design}{subsection.3.2}% 9
\BOOKMARK [3][-]{subsubsection.3.2.2}{Packages Used}{subsection.3.2}% 10
\BOOKMARK [3][-]{subsubsection.3.2.3}{Parameters}{subsection.3.2}% 11
\BOOKMARK [2][-]{subsection.3.3}{Personal Model}{section.3}% 12
\BOOKMARK [1][-]{section.4}{Results}{}% 13
\BOOKMARK [2][-]{subsection.4.1}{Localisation}{section.4}% 14
\BOOKMARK [2][-]{subsection.4.2}{Technical Comparison}{section.4}% 15
\BOOKMARK [1][-]{section.5}{Discussion}{}% 16
\BOOKMARK [2][-]{subsection.5.1}{Topics}{section.5}% 17
\BOOKMARK [1][-]{section.6}{Conculsion / Future Work}{}% 18
\BOOKMARK [2][-]{subsection.6.1}{Modifications for Improvement}{section.6}% 19
\BOOKMARK [2][-]{subsection.6.2}{Hardward Deployment}{section.6}% 20
